[debug] [2024-11-13T14:14:41.319Z] ----------------------------------------------------------------------
[debug] [2024-11-13T14:14:41.321Z] Command:       C:\Program Files\nodejs\node.exe C:\Users\Ramil\AppData\Roaming\npm\node_modules\firebase-tools\lib\bin\firebase.js init functions
[debug] [2024-11-13T14:14:41.322Z] CLI Version:   13.25.0
[debug] [2024-11-13T14:14:41.322Z] Platform:      win32
[debug] [2024-11-13T14:14:41.322Z] Node Version:  v22.11.0
[debug] [2024-11-13T14:14:41.322Z] Time:          Wed Nov 13 2024 22:14:41 GMT+0800 (Philippine Standard Time)
[debug] [2024-11-13T14:14:41.322Z] ----------------------------------------------------------------------
[debug] 
[debug] [2024-11-13T14:14:41.384Z] > command requires scopes: ["email","openid","https://www.googleapis.com/auth/cloudplatformprojects.readonly","https://www.googleapis.com/auth/firebase","https://www.googleapis.com/auth/cloud-platform"]
[debug] [2024-11-13T14:14:41.384Z] > authorizing via signed-in user (yohancaballeroo@gmail.com)
[info] 
     ######## #### ########  ######## ########     ###     ######  ########
     ##        ##  ##     ## ##       ##     ##  ##   ##  ##       ##
     ######    ##  ########  ######   ########  #########  ######  ######
     ##        ##  ##    ##  ##       ##     ## ##     ##       ## ##
     ##       #### ##     ## ######## ########  ##     ##  ######  ########

You're about to initialize a Firebase project in this directory:

  C:\Users\Ramil\Documents\pauz proj\GoogleTeam

Before we get started, keep in mind:

  * You are initializing within an existing Firebase project directory

[info] 
=== Project Setup
[info] 
[info] First, let's associate this project directory with a Firebase project.
[info] You can create multiple project aliases by running firebase use --add, 
[info] but for now we'll just set up a default project.
[info] 
[debug] [2024-11-13T14:14:43.763Z] Using project from CLI flag: yukoai-d9c63
[debug] [2024-11-13T14:14:43.765Z] Checked if tokens are valid: true, expires at: 1731510543298
[debug] [2024-11-13T14:14:43.765Z] Checked if tokens are valid: true, expires at: 1731510543298
[debug] [2024-11-13T14:14:43.766Z] >>> [apiv2][query] GET https://firebase.googleapis.com/v1beta1/projects/yukoai-d9c63 [none]
[debug] [2024-11-13T14:14:44.229Z] <<< [apiv2][status] GET https://firebase.googleapis.com/v1beta1/projects/yukoai-d9c63 200
[debug] [2024-11-13T14:14:44.229Z] <<< [apiv2][body] GET https://firebase.googleapis.com/v1beta1/projects/yukoai-d9c63 {"projectId":"yukoai-d9c63","projectNumber":"503905336199","displayName":"YukoAI","name":"projects/yukoai-d9c63","resources":{"hostingSite":"yukoai-d9c63","realtimeDatabaseInstance":"yukoai-d9c63-default-rtdb"},"state":"ACTIVE","etag":"1_0cc21aca-afe6-4651-a31e-00bde231489a"}
[info] i  Using project yukoai-d9c63 (YukoAI) 
[info] 
=== Functions Setup
[debug] [2024-11-13T14:14:44.236Z] > command requires scopes: ["email","openid","https://www.googleapis.com/auth/cloudplatformprojects.readonly","https://www.googleapis.com/auth/firebase","https://www.googleapis.com/auth/cloud-platform"]
[debug] [2024-11-13T14:14:44.236Z] > authorizing via signed-in user (yohancaballeroo@gmail.com)
[debug] [2024-11-13T14:14:44.236Z] [iam] checking project yukoai-d9c63 for permissions ["firebase.projects.get"]
[debug] [2024-11-13T14:14:44.237Z] Checked if tokens are valid: true, expires at: 1731510543298
[debug] [2024-11-13T14:14:44.237Z] Checked if tokens are valid: true, expires at: 1731510543298
[debug] [2024-11-13T14:14:44.237Z] >>> [apiv2][query] POST https://cloudresourcemanager.googleapis.com/v1/projects/yukoai-d9c63:testIamPermissions [none]
[debug] [2024-11-13T14:14:44.237Z] >>> [apiv2][(partial)header] POST https://cloudresourcemanager.googleapis.com/v1/projects/yukoai-d9c63:testIamPermissions x-goog-quota-user=projects/yukoai-d9c63
[debug] [2024-11-13T14:14:44.237Z] >>> [apiv2][body] POST https://cloudresourcemanager.googleapis.com/v1/projects/yukoai-d9c63:testIamPermissions {"permissions":["firebase.projects.get"]}
[debug] [2024-11-13T14:14:45.555Z] <<< [apiv2][status] POST https://cloudresourcemanager.googleapis.com/v1/projects/yukoai-d9c63:testIamPermissions 200
[debug] [2024-11-13T14:14:45.555Z] <<< [apiv2][body] POST https://cloudresourcemanager.googleapis.com/v1/projects/yukoai-d9c63:testIamPermissions {"permissions":["firebase.projects.get"]}
[debug] [2024-11-13T14:14:45.556Z] Checked if tokens are valid: true, expires at: 1731510543298
[debug] [2024-11-13T14:14:45.556Z] Checked if tokens are valid: true, expires at: 1731510543298
[debug] [2024-11-13T14:14:45.556Z] Checked if tokens are valid: true, expires at: 1731510543298
[debug] [2024-11-13T14:14:45.556Z] Checked if tokens are valid: true, expires at: 1731510543298
[debug] [2024-11-13T14:14:45.556Z] >>> [apiv2][query] GET https://serviceusage.googleapis.com/v1/projects/yukoai-d9c63/services/cloudfunctions.googleapis.com [none]
[debug] [2024-11-13T14:14:45.556Z] >>> [apiv2][(partial)header] GET https://serviceusage.googleapis.com/v1/projects/yukoai-d9c63/services/cloudfunctions.googleapis.com x-goog-quota-user=projects/yukoai-d9c63
[debug] [2024-11-13T14:14:45.557Z] >>> [apiv2][query] GET https://serviceusage.googleapis.com/v1/projects/yukoai-d9c63/services/runtimeconfig.googleapis.com [none]
[debug] [2024-11-13T14:14:45.557Z] >>> [apiv2][(partial)header] GET https://serviceusage.googleapis.com/v1/projects/yukoai-d9c63/services/runtimeconfig.googleapis.com x-goog-quota-user=projects/yukoai-d9c63
[debug] [2024-11-13T14:14:47.705Z] <<< [apiv2][status] GET https://serviceusage.googleapis.com/v1/projects/yukoai-d9c63/services/runtimeconfig.googleapis.com 200
[debug] [2024-11-13T14:14:47.706Z] <<< [apiv2][body] GET https://serviceusage.googleapis.com/v1/projects/yukoai-d9c63/services/runtimeconfig.googleapis.com [omitted]
[debug] [2024-11-13T14:14:47.838Z] <<< [apiv2][status] GET https://serviceusage.googleapis.com/v1/projects/yukoai-d9c63/services/cloudfunctions.googleapis.com 200
[debug] [2024-11-13T14:14:47.838Z] <<< [apiv2][body] GET https://serviceusage.googleapis.com/v1/projects/yukoai-d9c63/services/cloudfunctions.googleapis.com [omitted]
[info] 
Detected existing codebase(s): default, yukoai

[info] Let's create a new codebase for your functions.
[info] A directory corresponding to the codebase will be created in your project
[info] with sample code pre-configured.

[info] See https://firebase.google.com/docs/functions/organize-functions for
[info] more information on organizing your functions using codebases.

[info] Functions can be deployed with firebase deploy.

[error] functions.codebase must be unique but 'yukoai' was used more than once.
